{"level":"info","message":"Registration endpoint Hit","service":"auth-service","timestamp":"2025-07-29T07:14:31.019Z"}
{"0":"\"","1":"u","10":" ","11":"i","12":"s","13":" ","14":"r","15":"e","16":"q","17":"u","18":"i","19":"r","2":"s","20":"e","21":"d","3":"e","4":"r","5":"n","6":"a","7":"m","8":"e","9":"\"","level":"warn","message":"Validation Error","service":"auth-service","timestamp":"2025-07-29T07:14:31.025Z"}
{"level":"info","message":"Registration endpoint Hit","service":"auth-service","timestamp":"2025-07-29T07:14:36.172Z"}
{"0":"\"","1":"u","10":" ","11":"i","12":"s","13":" ","14":"r","15":"e","16":"q","17":"u","18":"i","19":"r","2":"s","20":"e","21":"d","3":"e","4":"r","5":"n","6":"a","7":"m","8":"e","9":"\"","level":"warn","message":"Validation Error","service":"auth-service","timestamp":"2025-07-29T07:14:36.174Z"}
{"level":"info","message":"Registration endpoint Hit","service":"auth-service","timestamp":"2025-07-29T07:14:37.079Z"}
{"0":"\"","1":"u","10":" ","11":"i","12":"s","13":" ","14":"r","15":"e","16":"q","17":"u","18":"i","19":"r","2":"s","20":"e","21":"d","3":"e","4":"r","5":"n","6":"a","7":"m","8":"e","9":"\"","level":"warn","message":"Validation Error","service":"auth-service","timestamp":"2025-07-29T07:14:37.080Z"}
{"level":"info","message":"Registration endpoint Hit","service":"auth-service","timestamp":"2025-07-29T07:14:37.927Z"}
{"0":"\"","1":"u","10":" ","11":"i","12":"s","13":" ","14":"r","15":"e","16":"q","17":"u","18":"i","19":"r","2":"s","20":"e","21":"d","3":"e","4":"r","5":"n","6":"a","7":"m","8":"e","9":"\"","level":"warn","message":"Validation Error","service":"auth-service","timestamp":"2025-07-29T07:14:37.929Z"}
{"level":"info","message":"Registration endpoint Hit","service":"auth-service","timestamp":"2025-07-29T07:17:09.395Z"}
{"0":"\"","1":"u","10":" ","11":"i","12":"s","13":" ","14":"r","15":"e","16":"q","17":"u","18":"i","19":"r","2":"s","20":"e","21":"d","3":"e","4":"r","5":"n","6":"a","7":"m","8":"e","9":"\"","level":"warn","message":"Validation Error","service":"auth-service","timestamp":"2025-07-29T07:17:09.401Z"}
{"level":"info","message":"Registration endpoint Hit","service":"auth-service","timestamp":"2025-07-29T07:17:37.753Z"}
{"level":"info","message":"Registration endpoint Hit","service":"auth-service","timestamp":"2025-07-29T07:17:44.113Z"}
{"level":"info","message":"Registration endpoint Hit","service":"auth-service","timestamp":"2025-07-29T07:17:55.351Z"}
{"level":"info","message":"Registration endpoint Hit","service":"auth-service","timestamp":"2025-07-29T07:18:25.091Z"}
{"level":"info","message":"Registration endpoint Hit","service":"auth-service","timestamp":"2025-07-29T07:22:04.364Z"}
{"level":"info","message":"Registration endpoint Hit","timestamp":"2025-07-29T07:23:23.075Z"}
{"level":"info","message":"Registration endpoint Hit","timestamp":"2025-07-29T07:24:40.284Z"}
{"level":"info","message":{"email":"monilparikh11@gmail.com","name":"Monil","password":"Monil@12345"},"timestamp":"2025-07-29T07:24:40.286Z"}
{"level":"info","message":"Registration endpoint Hit","timestamp":"2025-07-29T07:26:18.308Z"}
{"level":"info","message":{"email":"monilparikh11@gmail.com","name":"Monil","password":"Monil@12345"},"timestamp":"2025-07-29T07:26:18.309Z"}
{"level":"info","message":"Registration endpoint Hit","timestamp":"2025-07-29T07:26:19.960Z"}
{"level":"info","message":{"email":"monilparikh11@gmail.com","name":"Monil","password":"Monil@12345"},"timestamp":"2025-07-29T07:26:19.962Z"}
{"level":"info","message":"Registration endpoint Hit","timestamp":"2025-07-29T07:26:20.602Z"}
{"level":"info","message":{"email":"monilparikh11@gmail.com","name":"Monil","password":"Monil@12345"},"timestamp":"2025-07-29T07:26:20.603Z"}
{"level":"info","message":"Registration endpoint Hit","timestamp":"2025-07-29T07:38:21.213Z"}
{"level":"info","message":"Request body: {\n  \"name\": \"Monil\",\n  \"email\": \"monilparikh11@gmail.com\",\n  \"password\": \"Monil@12345\"\n}","timestamp":"2025-07-29T07:38:21.215Z"}
{"level":"info","message":"Registration endpoint Hit","timestamp":"2025-07-29T07:39:03.626Z"}
{"level":"info","message":"Request body: {\n  \"name\": \"Monil\",\n  \"email\": \"monilparikh11@gmail.com\",\n  \"password\": \"Monil@12345\"\n}","timestamp":"2025-07-29T07:39:03.626Z"}
{"level":"info","message":"Registration endpoint Hit","timestamp":"2025-07-29T07:44:34.104Z"}
{"level":"info","message":"Request body: {\n  \"name\": \"Monil\",\n  \"email\": \"monilparikh11@gmail.com\",\n  \"password\": \"Monil@12345\"\n}","timestamp":"2025-07-29T07:44:34.106Z"}
{"level":"info","message":"Login endpoint Hit","timestamp":"2025-07-29T07:44:42.870Z"}
{"level":"info","message":"Request body: {\n  \"email\": \"monilparikh11@gmail.com\",\n  \"password\": \"Monil@12345\"\n}","timestamp":"2025-07-29T07:44:42.870Z"}
{"level":"info","message":"Login endpoint Hit","timestamp":"2025-07-29T07:45:21.261Z"}
{"level":"info","message":"Request body: {\n  \"email\": \"monilparikh11@gmail.com\",\n  \"password\": \"Monil@12345\"\n}","timestamp":"2025-07-29T07:45:21.266Z"}
{"level":"info","message":"Registration endpoint Hit","timestamp":"2025-07-29T07:45:46.234Z"}
{"level":"info","message":"Request body: {\n  \"name\": \"Monil\",\n  \"email\": \"monilparikh11@gmail.com\",\n  \"password\": \"Monil@12345\"\n}","timestamp":"2025-07-29T07:45:46.236Z"}
{"level":"info","message":"Registration endpoint Hit","timestamp":"2025-07-29T07:49:52.109Z"}
{"level":"info","message":"Request body: {\n  \"name\": \"Monil\",\n  \"email\": \"monilparikh11@gmail.com\",\n  \"password\": \"Monil@12345\"\n}","timestamp":"2025-07-29T07:49:52.111Z"}
{"level":"info","message":"Login endpoint Hit","timestamp":"2025-07-29T07:50:03.537Z"}
{"level":"info","message":"Request body: {\n  \"email\": \"monilparikh11@gmail.com\",\n  \"password\": \"Monil@12345\"\n}","timestamp":"2025-07-29T07:50:03.537Z"}
{"level":"info","message":"Login endpoint Hit","timestamp":"2025-07-29T07:50:11.662Z"}
{"level":"info","message":"Request body: {\n  \"email\": \"monilparikh11@gmail.com\",\n  \"password\": \"Monil@123\"\n}","timestamp":"2025-07-29T07:50:11.663Z"}
{"level":"info","message":"Login endpoint Hit","timestamp":"2025-07-29T07:50:12.540Z"}
{"level":"info","message":"Request body: {\n  \"email\": \"monilparikh11@gmail.com\",\n  \"password\": \"Monil@123\"\n}","timestamp":"2025-07-29T07:50:12.541Z"}
{"level":"info","message":"Login endpoint Hit","timestamp":"2025-07-29T07:50:19.477Z"}
{"level":"info","message":"Request body: {\n  \"email\": \"monilparikh11@gmail.com\",\n  \"password\": \"fdfdf\"\n}","timestamp":"2025-07-29T07:50:19.479Z"}
{"0":"\"","1":"p","10":" ","11":"l","12":"e","13":"n","14":"g","15":"t","16":"h","17":" ","18":"m","19":"u","2":"a","20":"s","21":"t","22":" ","23":"b","24":"e","25":" ","26":"a","27":"t","28":" ","29":"l","3":"s","30":"e","31":"a","32":"s","33":"t","34":" ","35":"8","36":" ","37":"c","38":"h","39":"a","4":"s","40":"r","41":"a","42":"c","43":"t","44":"e","45":"r","46":"s","47":" ","48":"l","49":"o","5":"w","50":"n","51":"g","6":"o","7":"r","8":"d","9":"\"","level":"warn","message":"Validation Error","timestamp":"2025-07-29T07:50:19.482Z"}
{"level":"info","message":"Login endpoint Hit","timestamp":"2025-07-29T07:50:37.969Z"}
{"level":"info","message":"Request body: {\n  \"email\": \"monilparikh11@gmail.com\",\n  \"password\": \"fgfg\"\n}","timestamp":"2025-07-29T07:50:37.973Z"}
{"0":"\"","1":"p","10":" ","11":"l","12":"e","13":"n","14":"g","15":"t","16":"h","17":" ","18":"m","19":"u","2":"a","20":"s","21":"t","22":" ","23":"b","24":"e","25":" ","26":"a","27":"t","28":" ","29":"l","3":"s","30":"e","31":"a","32":"s","33":"t","34":" ","35":"9","36":" ","37":"c","38":"h","39":"a","4":"s","40":"r","41":"a","42":"c","43":"t","44":"e","45":"r","46":"s","47":" ","48":"l","49":"o","5":"w","50":"n","51":"g","6":"o","7":"r","8":"d","9":"\"","level":"warn","message":"Validation Error","timestamp":"2025-07-29T07:50:37.977Z"}
{"level":"info","message":"Login endpoint Hit","timestamp":"2025-07-29T08:18:12.645Z"}
{"level":"info","message":"Request body: {\n  \"email\": \"monilparikh11@gmail.com\",\n  \"password\": \"Monil@12345\"\n}","timestamp":"2025-07-29T08:18:12.647Z"}
{"level":"info","message":"getUserProfile endpoint Hit","timestamp":"2025-07-29T08:22:20.049Z"}
{"level":"info","message":"Request body: {}","timestamp":"2025-07-29T08:22:20.053Z"}
{"level":"info","message":"Login endpoint Hit","timestamp":"2025-07-29T08:23:00.100Z"}
{"level":"info","message":"Request body: {\n  \"email\": \"monilparikh11@gmail.com\",\n  \"password\": \"Monil@12345\"\n}","timestamp":"2025-07-29T08:23:00.102Z"}
{"level":"info","message":"Login endpoint Hit","timestamp":"2025-07-29T08:23:15.445Z"}
{"level":"info","message":"Request body: {\n  \"email\": \"monilparikh11@gmail.com\",\n  \"password\": \"Monil@12345\"\n}","timestamp":"2025-07-29T08:23:15.446Z"}
{"level":"info","message":"getUserProfile endpoint Hit","timestamp":"2025-07-29T08:23:31.178Z"}
{"level":"info","message":"Request body: {}","timestamp":"2025-07-29T08:23:31.179Z"}
{"level":"info","message":"getUserProfile endpoint Hit","timestamp":"2025-07-29T08:23:31.184Z"}
{"level":"info","message":"Request body: {}","timestamp":"2025-07-29T08:23:31.185Z"}
{"level":"info","message":"getUserProfile endpoint Hit","timestamp":"2025-07-29T13:59:41.401Z"}
{"level":"info","message":"Request body: {}","timestamp":"2025-07-29T13:59:41.407Z"}
{"level":"info","message":"getUserProfile endpoint Hit","timestamp":"2025-07-29T13:59:41.499Z"}
{"level":"info","message":"Request body: {}","timestamp":"2025-07-29T13:59:41.501Z"}
{"level":"info","message":"Logout endpoint Hit","timestamp":"2025-07-29T13:59:47.158Z"}
{"level":"info","message":"getUserProfile endpoint Hit","timestamp":"2025-07-29T13:59:58.483Z"}
{"level":"info","message":"Request body: {}","timestamp":"2025-07-29T13:59:58.485Z"}
{"level":"info","message":"getUserProfile endpoint Hit","timestamp":"2025-07-29T13:59:58.594Z"}
{"level":"info","message":"Request body: {}","timestamp":"2025-07-29T13:59:58.595Z"}
{"level":"info","message":"getUserProfile endpoint Hit","timestamp":"2025-07-29T14:18:17.134Z"}
{"level":"info","message":"Request body: {}","timestamp":"2025-07-29T14:18:17.139Z"}
{"level":"info","message":"getUserProfile endpoint Hit","timestamp":"2025-07-29T14:18:17.224Z"}
{"level":"info","message":"Request body: {}","timestamp":"2025-07-29T14:18:17.240Z"}
{"level":"info","message":"Logout endpoint Hit","timestamp":"2025-07-29T14:18:19.034Z"}
{"level":"info","message":"Login endpoint Hit","timestamp":"2025-07-29T14:18:28.782Z"}
{"level":"info","message":"Request body: {\n  \"email\": \"chiragvaru03@gmail.com\",\n  \"password\": \"password\"\n}","timestamp":"2025-07-29T14:18:28.782Z"}
